<?xml version="1.0" encoding="UTF-8"?>
<!-- Generated by org.testng.reporters.JUnitReportReporter -->
<testsuite hostname="DESKTOP-8BD0QAM" failures="0" tests="2" name="com.ap.tests.LoginpageTests" time="19.814" errors="0" timestamp="09 Feb 2022 18:24:49 GMT" skipped="0">
  <testcase classname="com.ap.tests.LoginpageTests" name="test1" time="10.193"/>
  <testcase classname="com.ap.tests.LoginpageTests" name="test2" time="9.621"/>
</testsuite> <!-- com.ap.tests.LoginpageTests -->
